<?xml version="1.0" encoding="UTF-8"?>
<!-- Generated by org.testng.reporters.JUnitXMLReporter -->
<testsuite ignored="0" hostname="DRuGLORD" failures="9" tests="9" name="Test(failed)" time="36.475" errors="0" timestamp="2025-08-19T11:59:43 IST">
  <testcase classname="io.cucumber.testng.AbstractTestNGCucumberTests" name="runScenario" time="5.561">
    <failure type="java.lang.AssertionError" message="expected [true] but found [false]">
      <![CDATA[java.lang.AssertionError: expected [true] but found [false]
at com.cab.cucumber.definitions.Booking.verify_the_invalid_data(Booking.java:80)
at ✽.verify the invalid data(file:///C:/Users/hp/eclipse-workspace/AgileQADelivery-TTP1QESA2520-Group5/src/test/java/com/cab/cucumber/features/Booking.feature:19)
... Removed 4 stack frames]]>
    </failure>
  </testcase> <!-- runScenario -->
  <testcase classname="io.cucumber.testng.AbstractTestNGCucumberTests" name="runScenario" time="3.284">
    <failure type="java.lang.AssertionError" message="expected [true] but found [false]">
      <![CDATA[java.lang.AssertionError: expected [true] but found [false]
at com.cab.cucumber.definitions.Booking.verify_the_invalid_data(Booking.java:80)
at ✽.verify the invalid data(file:///C:/Users/hp/eclipse-workspace/AgileQADelivery-TTP1QESA2520-Group5/src/test/java/com/cab/cucumber/features/Booking.feature:19)
... Removed 4 stack frames]]>
    </failure>
  </testcase> <!-- runScenario -->
  <testcase classname="io.cucumber.testng.AbstractTestNGCucumberTests" name="runScenario" time="3.263">
    <failure type="java.lang.AssertionError" message="expected [true] but found [false]">
      <![CDATA[java.lang.AssertionError: expected [true] but found [false]
at com.cab.cucumber.definitions.Booking.verify_the_invalid_data(Booking.java:80)
at ✽.verify the invalid data(file:///C:/Users/hp/eclipse-workspace/AgileQADelivery-TTP1QESA2520-Group5/src/test/java/com/cab/cucumber/features/Booking.feature:19)
... Removed 4 stack frames]]>
    </failure>
  </testcase> <!-- runScenario -->
  <testcase classname="io.cucumber.testng.AbstractTestNGCucumberTests" name="runScenario" time="3.259">
    <failure type="java.lang.AssertionError" message="expected [true] but found [false]">
      <![CDATA[java.lang.AssertionError: expected [true] but found [false]
at com.cab.cucumber.definitions.Booking.verify_the_invalid_data(Booking.java:80)
at ✽.verify the invalid data(file:///C:/Users/hp/eclipse-workspace/AgileQADelivery-TTP1QESA2520-Group5/src/test/java/com/cab/cucumber/features/Booking.feature:19)
... Removed 4 stack frames]]>
    </failure>
  </testcase> <!-- runScenario -->
  <testcase classname="io.cucumber.testng.AbstractTestNGCucumberTests" name="runScenario" time="3.178">
    <failure type="java.lang.AssertionError" message="expected [true] but found [false]">
      <![CDATA[java.lang.AssertionError: expected [true] but found [false]
at com.cab.cucumber.definitions.Booking.verify_the_invalid_data(Booking.java:80)
at ✽.verify the invalid data(file:///C:/Users/hp/eclipse-workspace/AgileQADelivery-TTP1QESA2520-Group5/src/test/java/com/cab/cucumber/features/Booking.feature:19)
... Removed 4 stack frames]]>
    </failure>
  </testcase> <!-- runScenario -->
  <testcase classname="io.cucumber.testng.AbstractTestNGCucumberTests" name="runScenario" time="6.955">
    <failure type="java.lang.AssertionError" message="expected [true] but found [false]">
      <![CDATA[java.lang.AssertionError: expected [true] but found [false]
at com.cab.cucumber.definitions.Booking.verify_the_invalid_data(Booking.java:80)
at ✽.verify the invalid data(file:///C:/Users/hp/eclipse-workspace/AgileQADelivery-TTP1QESA2520-Group5/src/test/java/com/cab/cucumber/features/Booking.feature:19)
... Removed 4 stack frames]]>
    </failure>
  </testcase> <!-- runScenario -->
  <testcase classname="io.cucumber.testng.AbstractTestNGCucumberTests" name="runScenario" time="3.17">
    <failure type="java.lang.AssertionError" message="expected [true] but found [false]">
      <![CDATA[java.lang.AssertionError: expected [true] but found [false]
at com.cab.cucumber.definitions.Booking.verify_the_invalid_data(Booking.java:80)
at ✽.verify the invalid data(file:///C:/Users/hp/eclipse-workspace/AgileQADelivery-TTP1QESA2520-Group5/src/test/java/com/cab/cucumber/features/Booking.feature:19)
... Removed 4 stack frames]]>
    </failure>
  </testcase> <!-- runScenario -->
  <testcase classname="io.cucumber.testng.AbstractTestNGCucumberTests" name="runScenario" time="3.164">
    <failure type="java.lang.AssertionError" message="expected [true] but found [false]">
      <![CDATA[java.lang.AssertionError: expected [true] but found [false]
at com.cab.cucumber.definitions.Booking.verify_the_invalid_data(Booking.java:80)
at ✽.verify the invalid data(file:///C:/Users/hp/eclipse-workspace/AgileQADelivery-TTP1QESA2520-Group5/src/test/java/com/cab/cucumber/features/Booking.feature:19)
... Removed 4 stack frames]]>
    </failure>
  </testcase> <!-- runScenario -->
  <testcase classname="io.cucumber.testng.AbstractTestNGCucumberTests" name="runScenario" time="3.164">
    <failure type="java.lang.AssertionError" message="expected [true] but found [false]">
      <![CDATA[java.lang.AssertionError: expected [true] but found [false]
at com.cab.cucumber.definitions.Booking.verify_the_invalid_data(Booking.java:80)
at ✽.verify the invalid data(file:///C:/Users/hp/eclipse-workspace/AgileQADelivery-TTP1QESA2520-Group5/src/test/java/com/cab/cucumber/features/Booking.feature:19)
... Removed 4 stack frames]]>
    </failure>
  </testcase> <!-- runScenario -->
</testsuite> <!-- Test(failed) -->
