<?xml version="1.0" encoding="UTF-8"?>
<testsuite xmlns:xsi="http://www.w3.org/2001/XMLSchema-instance" xsi:noNamespaceSchemaLocation="https://maven.apache.org/surefire/maven-surefire-plugin/xsd/surefire-test-report.xsd" version="3.0.1" name="TestSuite" time="59.539" tests="16" errors="0" skipped="0" failures="9">
  <properties>
    <property name="java.specification.version" value="21"/>
    <property name="sun.cpu.isalist" value="amd64"/>
    <property name="sun.jnu.encoding" value="Cp1252"/>
    <property name="java.class.path" value="C:\Users\hp\eclipse-workspace\AgileQADelivery-TTP1QESA2520-Group5\target\test-classes;C:\Users\hp\eclipse-workspace\AgileQADelivery-TTP1QESA2520-Group5\target\classes;C:\Users\hp\.m2\repository\io\cucumber\cucumber-java\7.21.1\cucumber-java-7.21.1.jar;C:\Users\hp\.m2\repository\io\cucumber\cucumber-core\7.21.1\cucumber-core-7.21.1.jar;C:\Users\hp\.m2\repository\io\cucumber\cucumber-gherkin\7.21.1\cucumber-gherkin-7.21.1.jar;C:\Users\hp\.m2\repository\io\cucumber\cucumber-gherkin-messages\7.21.1\cucumber-gherkin-messages-7.21.1.jar;C:\Users\hp\.m2\repository\io\cucumber\testng-xml-formatter\0.3.1\testng-xml-formatter-0.3.1.jar;C:\Users\hp\.m2\repository\io\cucumber\query\13.5.0\query-13.5.0.jar;C:\Users\hp\.m2\repository\io\cucumber\tag-expressions\6.1.2\tag-expressions-6.1.2.jar;C:\Users\hp\.m2\repository\io\cucumber\cucumber-expressions\18.0.1\cucumber-expressions-18.0.1.jar;C:\Users\hp\.m2\repository\io\cucumber\datatable\7.21.1\datatable-7.21.1.jar;C:\Users\hp\.m2\repository\io\cucumber\cucumber-plugin\7.21.1\cucumber-plugin-7.21.1.jar;C:\Users\hp\.m2\repository\io\cucumber\docstring\7.21.1\docstring-7.21.1.jar;C:\Users\hp\.m2\repository\io\cucumber\html-formatter\21.9.0\html-formatter-21.9.0.jar;C:\Users\hp\.m2\repository\io\cucumber\junit-xml-formatter\0.7.1\junit-xml-formatter-0.7.1.jar;C:\Users\hp\.m2\repository\io\cucumber\ci-environment\10.0.1\ci-environment-10.0.1.jar;C:\Users\hp\.m2\repository\org\apiguardian\apiguardian-api\1.1.2\apiguardian-api-1.1.2.jar;C:\Users\hp\.m2\repository\io\cucumber\cucumber-junit\7.21.1\cucumber-junit-7.21.1.jar;C:\Users\hp\.m2\repository\org\seleniumhq\selenium\selenium-java\4.29.0\selenium-java-4.29.0.jar;C:\Users\hp\.m2\repository\org\seleniumhq\selenium\selenium-api\4.29.0\selenium-api-4.29.0.jar;C:\Users\hp\.m2\repository\org\jspecify\jspecify\1.0.0\jspecify-1.0.0.jar;C:\Users\hp\.m2\repository\org\seleniumhq\selenium\selenium-chrome-driver\4.29.0\selenium-chrome-driver-4.29.0.jar;C:\Users\hp\.m2\repository\com\google\auto\service\auto-service-annotations\1.1.1\auto-service-annotations-1.1.1.jar;C:\Users\hp\.m2\repository\org\seleniumhq\selenium\selenium-chromium-driver\4.29.0\selenium-chromium-driver-4.29.0.jar;C:\Users\hp\.m2\repository\org\seleniumhq\selenium\selenium-json\4.29.0\selenium-json-4.29.0.jar;C:\Users\hp\.m2\repository\org\seleniumhq\selenium\selenium-manager\4.29.0\selenium-manager-4.29.0.jar;C:\Users\hp\.m2\repository\org\seleniumhq\selenium\selenium-devtools-v131\4.29.0\selenium-devtools-v131-4.29.0.jar;C:\Users\hp\.m2\repository\org\seleniumhq\selenium\selenium-devtools-v132\4.29.0\selenium-devtools-v132-4.29.0.jar;C:\Users\hp\.m2\repository\org\seleniumhq\selenium\selenium-devtools-v133\4.29.0\selenium-devtools-v133-4.29.0.jar;C:\Users\hp\.m2\repository\org\seleniumhq\selenium\selenium-devtools-v85\4.29.0\selenium-devtools-v85-4.29.0.jar;C:\Users\hp\.m2\repository\org\seleniumhq\selenium\selenium-edge-driver\4.29.0\selenium-edge-driver-4.29.0.jar;C:\Users\hp\.m2\repository\org\seleniumhq\selenium\selenium-firefox-driver\4.29.0\selenium-firefox-driver-4.29.0.jar;C:\Users\hp\.m2\repository\org\seleniumhq\selenium\selenium-http\4.29.0\selenium-http-4.29.0.jar;C:\Users\hp\.m2\repository\org\seleniumhq\selenium\selenium-ie-driver\4.29.0\selenium-ie-driver-4.29.0.jar;C:\Users\hp\.m2\repository\org\seleniumhq\selenium\selenium-remote-driver\4.29.0\selenium-remote-driver-4.29.0.jar;C:\Users\hp\.m2\repository\com\google\guava\guava\33.4.0-jre\guava-33.4.0-jre.jar;C:\Users\hp\.m2\repository\com\google\guava\failureaccess\1.0.2\failureaccess-1.0.2.jar;C:\Users\hp\.m2\repository\com\google\guava\listenablefuture\9999.0-empty-to-avoid-conflict-with-guava\listenablefuture-9999.0-empty-to-avoid-conflict-with-guava.jar;C:\Users\hp\.m2\repository\com\google\code\findbugs\jsr305\3.0.2\jsr305-3.0.2.jar;C:\Users\hp\.m2\repository\org\checkerframework\checker-qual\3.43.0\checker-qual-3.43.0.jar;C:\Users\hp\.m2\repository\com\google\errorprone\error_prone_annotations\2.36.0\error_prone_annotations-2.36.0.jar;C:\Users\hp\.m2\repository\com\google\j2objc\j2objc-annotations\3.0.0\j2objc-annotations-3.0.0.jar;C:\Users\hp\.m2\repository\io\opentelemetry\semconv\opentelemetry-semconv\1.28.0-alpha\opentelemetry-semconv-1.28.0-alpha.jar;C:\Users\hp\.m2\repository\io\opentelemetry\opentelemetry-api\1.46.0\opentelemetry-api-1.46.0.jar;C:\Users\hp\.m2\repository\io\opentelemetry\opentelemetry-context\1.46.0\opentelemetry-context-1.46.0.jar;C:\Users\hp\.m2\repository\io\opentelemetry\opentelemetry-exporter-logging\1.46.0\opentelemetry-exporter-logging-1.46.0.jar;C:\Users\hp\.m2\repository\io\opentelemetry\opentelemetry-sdk-common\1.46.0\opentelemetry-sdk-common-1.46.0.jar;C:\Users\hp\.m2\repository\io\opentelemetry\opentelemetry-sdk-extension-autoconfigure-spi\1.46.0\opentelemetry-sdk-extension-autoconfigure-spi-1.46.0.jar;C:\Users\hp\.m2\repository\io\opentelemetry\opentelemetry-sdk-extension-autoconfigure\1.46.0\opentelemetry-sdk-extension-autoconfigure-1.46.0.jar;C:\Users\hp\.m2\repository\io\opentelemetry\opentelemetry-api-incubator\1.46.0-alpha\opentelemetry-api-incubator-1.46.0-alpha.jar;C:\Users\hp\.m2\repository\io\opentelemetry\opentelemetry-sdk-trace\1.46.0\opentelemetry-sdk-trace-1.46.0.jar;C:\Users\hp\.m2\repository\io\opentelemetry\opentelemetry-sdk\1.46.0\opentelemetry-sdk-1.46.0.jar;C:\Users\hp\.m2\repository\io\opentelemetry\opentelemetry-sdk-metrics\1.46.0\opentelemetry-sdk-metrics-1.46.0.jar;C:\Users\hp\.m2\repository\io\opentelemetry\opentelemetry-sdk-logs\1.46.0\opentelemetry-sdk-logs-1.46.0.jar;C:\Users\hp\.m2\repository\net\bytebuddy\byte-buddy\1.15.11\byte-buddy-1.15.11.jar;C:\Users\hp\.m2\repository\org\seleniumhq\selenium\selenium-os\4.29.0\selenium-os-4.29.0.jar;C:\Users\hp\.m2\repository\org\apache\commons\commons-exec\1.4.0\commons-exec-1.4.0.jar;C:\Users\hp\.m2\repository\org\seleniumhq\selenium\selenium-safari-driver\4.29.0\selenium-safari-driver-4.29.0.jar;C:\Users\hp\.m2\repository\org\seleniumhq\selenium\selenium-support\4.29.0\selenium-support-4.29.0.jar;C:\Users\hp\.m2\repository\org\apache\poi\poi\5.4.0\poi-5.4.0.jar;C:\Users\hp\.m2\repository\commons-codec\commons-codec\1.17.1\commons-codec-1.17.1.jar;C:\Users\hp\.m2\repository\org\apache\commons\commons-collections4\4.4\commons-collections4-4.4.jar;C:\Users\hp\.m2\repository\org\apache\commons\commons-math3\3.6.1\commons-math3-3.6.1.jar;C:\Users\hp\.m2\repository\commons-io\commons-io\2.18.0\commons-io-2.18.0.jar;C:\Users\hp\.m2\repository\com\zaxxer\SparseBitSet\1.3\SparseBitSet-1.3.jar;C:\Users\hp\.m2\repository\org\apache\poi\poi-ooxml\5.4.0\poi-ooxml-5.4.0.jar;C:\Users\hp\.m2\repository\org\apache\poi\poi-ooxml-lite\5.4.0\poi-ooxml-lite-5.4.0.jar;C:\Users\hp\.m2\repository\org\apache\xmlbeans\xmlbeans\5.3.0\xmlbeans-5.3.0.jar;C:\Users\hp\.m2\repository\org\apache\commons\commons-compress\1.27.1\commons-compress-1.27.1.jar;C:\Users\hp\.m2\repository\org\apache\commons\commons-lang3\3.16.0\commons-lang3-3.16.0.jar;C:\Users\hp\.m2\repository\com\github\virtuald\curvesapi\1.08\curvesapi-1.08.jar;C:\Users\hp\.m2\repository\com\aventstack\extentreports\5.1.2\extentreports-5.1.2.jar;C:\Users\hp\.m2\repository\io\reactivex\rxjava3\rxjava\3.1.6\rxjava-3.1.6.jar;C:\Users\hp\.m2\repository\org\reactivestreams\reactive-streams\1.0.4\reactive-streams-1.0.4.jar;C:\Users\hp\.m2\repository\org\freemarker\freemarker\2.3.32\freemarker-2.3.32.jar;C:\Users\hp\.m2\repository\org\projectlombok\lombok\1.18.26\lombok-1.18.26.jar;C:\Users\hp\.m2\repository\com\google\code\gson\gson\2.10.1\gson-2.10.1.jar;C:\Users\hp\.m2\repository\org\testng\testng\7.10.2\testng-7.10.2.jar;C:\Users\hp\.m2\repository\org\slf4j\slf4j-api\1.7.36\slf4j-api-1.7.36.jar;C:\Users\hp\.m2\repository\com\beust\jcommander\1.82\jcommander-1.82.jar;C:\Users\hp\.m2\repository\org\webjars\jquery\3.7.1\jquery-3.7.1.jar;C:\Users\hp\.m2\repository\io\cucumber\gherkin\33.0.0\gherkin-33.0.0.jar;C:\Users\hp\.m2\repository\io\cucumber\messages\27.2.0\messages-27.2.0.jar;C:\Users\hp\.m2\repository\io\cucumber\cucumber-testng\7.25.0\cucumber-testng-7.25.0.jar;C:\Users\hp\.m2\repository\junit\junit\4.13.2\junit-4.13.2.jar;C:\Users\hp\.m2\repository\org\hamcrest\hamcrest-core\1.3\hamcrest-core-1.3.jar;C:\Users\hp\.m2\repository\org\apache\logging\log4j\log4j-core\2.24.3\log4j-core-2.24.3.jar;C:\Users\hp\.m2\repository\org\apache\logging\log4j\log4j-api\2.24.3\log4j-api-2.24.3.jar;"/>
    <property name="java.vm.vendor" value="Eclipse Adoptium"/>
    <property name="sun.arch.data.model" value="64"/>
    <property name="user.variant" value=""/>
    <property name="java.vendor.url" value="https://adoptium.net/"/>
    <property name="user.timezone" value="Asia/Calcutta"/>
    <property name="os.name" value="Windows 11"/>
    <property name="java.vm.specification.version" value="21"/>
    <property name="sun.java.launcher" value="SUN_STANDARD"/>
    <property name="user.country" value="IN"/>
    <property name="sun.boot.library.path" value="C:\Users\hp\.p2\pool\plugins\org.eclipse.justj.openjdk.hotspot.jre.full.win32.x86_64_21.0.7.v20250502-0916\jre\bin"/>
    <property name="sun.java.command" value="C:\Users\hp\AppData\Local\Temp\surefire14083179943018954692\surefirebooter-20250726154207930_3.jar C:\Users\hp\AppData\Local\Temp\surefire14083179943018954692 2025-07-26T15-41-58_912-jvmRun1 surefire-20250726154207930_1tmp surefire_0-20250726154207930_2tmp"/>
    <property name="jdk.debug" value="release"/>
    <property name="surefire.test.class.path" value="C:\Users\hp\eclipse-workspace\AgileQADelivery-TTP1QESA2520-Group5\target\test-classes;C:\Users\hp\eclipse-workspace\AgileQADelivery-TTP1QESA2520-Group5\target\classes;C:\Users\hp\.m2\repository\io\cucumber\cucumber-java\7.21.1\cucumber-java-7.21.1.jar;C:\Users\hp\.m2\repository\io\cucumber\cucumber-core\7.21.1\cucumber-core-7.21.1.jar;C:\Users\hp\.m2\repository\io\cucumber\cucumber-gherkin\7.21.1\cucumber-gherkin-7.21.1.jar;C:\Users\hp\.m2\repository\io\cucumber\cucumber-gherkin-messages\7.21.1\cucumber-gherkin-messages-7.21.1.jar;C:\Users\hp\.m2\repository\io\cucumber\testng-xml-formatter\0.3.1\testng-xml-formatter-0.3.1.jar;C:\Users\hp\.m2\repository\io\cucumber\query\13.5.0\query-13.5.0.jar;C:\Users\hp\.m2\repository\io\cucumber\tag-expressions\6.1.2\tag-expressions-6.1.2.jar;C:\Users\hp\.m2\repository\io\cucumber\cucumber-expressions\18.0.1\cucumber-expressions-18.0.1.jar;C:\Users\hp\.m2\repository\io\cucumber\datatable\7.21.1\datatable-7.21.1.jar;C:\Users\hp\.m2\repository\io\cucumber\cucumber-plugin\7.21.1\cucumber-plugin-7.21.1.jar;C:\Users\hp\.m2\repository\io\cucumber\docstring\7.21.1\docstring-7.21.1.jar;C:\Users\hp\.m2\repository\io\cucumber\html-formatter\21.9.0\html-formatter-21.9.0.jar;C:\Users\hp\.m2\repository\io\cucumber\junit-xml-formatter\0.7.1\junit-xml-formatter-0.7.1.jar;C:\Users\hp\.m2\repository\io\cucumber\ci-environment\10.0.1\ci-environment-10.0.1.jar;C:\Users\hp\.m2\repository\org\apiguardian\apiguardian-api\1.1.2\apiguardian-api-1.1.2.jar;C:\Users\hp\.m2\repository\io\cucumber\cucumber-junit\7.21.1\cucumber-junit-7.21.1.jar;C:\Users\hp\.m2\repository\org\seleniumhq\selenium\selenium-java\4.29.0\selenium-java-4.29.0.jar;C:\Users\hp\.m2\repository\org\seleniumhq\selenium\selenium-api\4.29.0\selenium-api-4.29.0.jar;C:\Users\hp\.m2\repository\org\jspecify\jspecify\1.0.0\jspecify-1.0.0.jar;C:\Users\hp\.m2\repository\org\seleniumhq\selenium\selenium-chrome-driver\4.29.0\selenium-chrome-driver-4.29.0.jar;C:\Users\hp\.m2\repository\com\google\auto\service\auto-service-annotations\1.1.1\auto-service-annotations-1.1.1.jar;C:\Users\hp\.m2\repository\org\seleniumhq\selenium\selenium-chromium-driver\4.29.0\selenium-chromium-driver-4.29.0.jar;C:\Users\hp\.m2\repository\org\seleniumhq\selenium\selenium-json\4.29.0\selenium-json-4.29.0.jar;C:\Users\hp\.m2\repository\org\seleniumhq\selenium\selenium-manager\4.29.0\selenium-manager-4.29.0.jar;C:\Users\hp\.m2\repository\org\seleniumhq\selenium\selenium-devtools-v131\4.29.0\selenium-devtools-v131-4.29.0.jar;C:\Users\hp\.m2\repository\org\seleniumhq\selenium\selenium-devtools-v132\4.29.0\selenium-devtools-v132-4.29.0.jar;C:\Users\hp\.m2\repository\org\seleniumhq\selenium\selenium-devtools-v133\4.29.0\selenium-devtools-v133-4.29.0.jar;C:\Users\hp\.m2\repository\org\seleniumhq\selenium\selenium-devtools-v85\4.29.0\selenium-devtools-v85-4.29.0.jar;C:\Users\hp\.m2\repository\org\seleniumhq\selenium\selenium-edge-driver\4.29.0\selenium-edge-driver-4.29.0.jar;C:\Users\hp\.m2\repository\org\seleniumhq\selenium\selenium-firefox-driver\4.29.0\selenium-firefox-driver-4.29.0.jar;C:\Users\hp\.m2\repository\org\seleniumhq\selenium\selenium-http\4.29.0\selenium-http-4.29.0.jar;C:\Users\hp\.m2\repository\org\seleniumhq\selenium\selenium-ie-driver\4.29.0\selenium-ie-driver-4.29.0.jar;C:\Users\hp\.m2\repository\org\seleniumhq\selenium\selenium-remote-driver\4.29.0\selenium-remote-driver-4.29.0.jar;C:\Users\hp\.m2\repository\com\google\guava\guava\33.4.0-jre\guava-33.4.0-jre.jar;C:\Users\hp\.m2\repository\com\google\guava\failureaccess\1.0.2\failureaccess-1.0.2.jar;C:\Users\hp\.m2\repository\com\google\guava\listenablefuture\9999.0-empty-to-avoid-conflict-with-guava\listenablefuture-9999.0-empty-to-avoid-conflict-with-guava.jar;C:\Users\hp\.m2\repository\com\google\code\findbugs\jsr305\3.0.2\jsr305-3.0.2.jar;C:\Users\hp\.m2\repository\org\checkerframework\checker-qual\3.43.0\checker-qual-3.43.0.jar;C:\Users\hp\.m2\repository\com\google\errorprone\error_prone_annotations\2.36.0\error_prone_annotations-2.36.0.jar;C:\Users\hp\.m2\repository\com\google\j2objc\j2objc-annotations\3.0.0\j2objc-annotations-3.0.0.jar;C:\Users\hp\.m2\repository\io\opentelemetry\semconv\opentelemetry-semconv\1.28.0-alpha\opentelemetry-semconv-1.28.0-alpha.jar;C:\Users\hp\.m2\repository\io\opentelemetry\opentelemetry-api\1.46.0\opentelemetry-api-1.46.0.jar;C:\Users\hp\.m2\repository\io\opentelemetry\opentelemetry-context\1.46.0\opentelemetry-context-1.46.0.jar;C:\Users\hp\.m2\repository\io\opentelemetry\opentelemetry-exporter-logging\1.46.0\opentelemetry-exporter-logging-1.46.0.jar;C:\Users\hp\.m2\repository\io\opentelemetry\opentelemetry-sdk-common\1.46.0\opentelemetry-sdk-common-1.46.0.jar;C:\Users\hp\.m2\repository\io\opentelemetry\opentelemetry-sdk-extension-autoconfigure-spi\1.46.0\opentelemetry-sdk-extension-autoconfigure-spi-1.46.0.jar;C:\Users\hp\.m2\repository\io\opentelemetry\opentelemetry-sdk-extension-autoconfigure\1.46.0\opentelemetry-sdk-extension-autoconfigure-1.46.0.jar;C:\Users\hp\.m2\repository\io\opentelemetry\opentelemetry-api-incubator\1.46.0-alpha\opentelemetry-api-incubator-1.46.0-alpha.jar;C:\Users\hp\.m2\repository\io\opentelemetry\opentelemetry-sdk-trace\1.46.0\opentelemetry-sdk-trace-1.46.0.jar;C:\Users\hp\.m2\repository\io\opentelemetry\opentelemetry-sdk\1.46.0\opentelemetry-sdk-1.46.0.jar;C:\Users\hp\.m2\repository\io\opentelemetry\opentelemetry-sdk-metrics\1.46.0\opentelemetry-sdk-metrics-1.46.0.jar;C:\Users\hp\.m2\repository\io\opentelemetry\opentelemetry-sdk-logs\1.46.0\opentelemetry-sdk-logs-1.46.0.jar;C:\Users\hp\.m2\repository\net\bytebuddy\byte-buddy\1.15.11\byte-buddy-1.15.11.jar;C:\Users\hp\.m2\repository\org\seleniumhq\selenium\selenium-os\4.29.0\selenium-os-4.29.0.jar;C:\Users\hp\.m2\repository\org\apache\commons\commons-exec\1.4.0\commons-exec-1.4.0.jar;C:\Users\hp\.m2\repository\org\seleniumhq\selenium\selenium-safari-driver\4.29.0\selenium-safari-driver-4.29.0.jar;C:\Users\hp\.m2\repository\org\seleniumhq\selenium\selenium-support\4.29.0\selenium-support-4.29.0.jar;C:\Users\hp\.m2\repository\org\apache\poi\poi\5.4.0\poi-5.4.0.jar;C:\Users\hp\.m2\repository\commons-codec\commons-codec\1.17.1\commons-codec-1.17.1.jar;C:\Users\hp\.m2\repository\org\apache\commons\commons-collections4\4.4\commons-collections4-4.4.jar;C:\Users\hp\.m2\repository\org\apache\commons\commons-math3\3.6.1\commons-math3-3.6.1.jar;C:\Users\hp\.m2\repository\commons-io\commons-io\2.18.0\commons-io-2.18.0.jar;C:\Users\hp\.m2\repository\com\zaxxer\SparseBitSet\1.3\SparseBitSet-1.3.jar;C:\Users\hp\.m2\repository\org\apache\poi\poi-ooxml\5.4.0\poi-ooxml-5.4.0.jar;C:\Users\hp\.m2\repository\org\apache\poi\poi-ooxml-lite\5.4.0\poi-ooxml-lite-5.4.0.jar;C:\Users\hp\.m2\repository\org\apache\xmlbeans\xmlbeans\5.3.0\xmlbeans-5.3.0.jar;C:\Users\hp\.m2\repository\org\apache\commons\commons-compress\1.27.1\commons-compress-1.27.1.jar;C:\Users\hp\.m2\repository\org\apache\commons\commons-lang3\3.16.0\commons-lang3-3.16.0.jar;C:\Users\hp\.m2\repository\com\github\virtuald\curvesapi\1.08\curvesapi-1.08.jar;C:\Users\hp\.m2\repository\com\aventstack\extentreports\5.1.2\extentreports-5.1.2.jar;C:\Users\hp\.m2\repository\io\reactivex\rxjava3\rxjava\3.1.6\rxjava-3.1.6.jar;C:\Users\hp\.m2\repository\org\reactivestreams\reactive-streams\1.0.4\reactive-streams-1.0.4.jar;C:\Users\hp\.m2\repository\org\freemarker\freemarker\2.3.32\freemarker-2.3.32.jar;C:\Users\hp\.m2\repository\org\projectlombok\lombok\1.18.26\lombok-1.18.26.jar;C:\Users\hp\.m2\repository\com\google\code\gson\gson\2.10.1\gson-2.10.1.jar;C:\Users\hp\.m2\repository\org\testng\testng\7.10.2\testng-7.10.2.jar;C:\Users\hp\.m2\repository\org\slf4j\slf4j-api\1.7.36\slf4j-api-1.7.36.jar;C:\Users\hp\.m2\repository\com\beust\jcommander\1.82\jcommander-1.82.jar;C:\Users\hp\.m2\repository\org\webjars\jquery\3.7.1\jquery-3.7.1.jar;C:\Users\hp\.m2\repository\io\cucumber\gherkin\33.0.0\gherkin-33.0.0.jar;C:\Users\hp\.m2\repository\io\cucumber\messages\27.2.0\messages-27.2.0.jar;C:\Users\hp\.m2\repository\io\cucumber\cucumber-testng\7.25.0\cucumber-testng-7.25.0.jar;C:\Users\hp\.m2\repository\junit\junit\4.13.2\junit-4.13.2.jar;C:\Users\hp\.m2\repository\org\hamcrest\hamcrest-core\1.3\hamcrest-core-1.3.jar;C:\Users\hp\.m2\repository\org\apache\logging\log4j\log4j-core\2.24.3\log4j-core-2.24.3.jar;C:\Users\hp\.m2\repository\org\apache\logging\log4j\log4j-api\2.24.3\log4j-api-2.24.3.jar;"/>
    <property name="sun.cpu.endian" value="little"/>
    <property name="user.home" value="C:\Users\hp"/>
    <property name="user.language" value="en"/>
    <property name="java.specification.vendor" value="Oracle Corporation"/>
    <property name="java.version.date" value="2025-04-15"/>
    <property name="java.home" value="C:\Users\hp\.p2\pool\plugins\org.eclipse.justj.openjdk.hotspot.jre.full.win32.x86_64_21.0.7.v20250502-0916\jre"/>
    <property name="file.separator" value="\"/>
    <property name="basedir" value="C:\Users\hp\eclipse-workspace\AgileQADelivery-TTP1QESA2520-Group5"/>
    <property name="style.color" value="always"/>
    <property name="java.vm.compressedOopsMode" value="32-bit"/>
    <property name="line.separator" value="&#10;"/>
    <property name="java.vm.specification.vendor" value="Oracle Corporation"/>
    <property name="java.specification.name" value="Java Platform API Specification"/>
    <property name="surefire.real.class.path" value="C:\Users\hp\AppData\Local\Temp\surefire14083179943018954692\surefirebooter-20250726154207930_3.jar"/>
    <property name="user.script" value=""/>
    <property name="sun.management.compiler" value="HotSpot 64-Bit Tiered Compilers"/>
    <property name="java.runtime.version" value="21.0.7+6-LTS"/>
    <property name="user.name" value="hp"/>
    <property name="stdout.encoding" value="Cp1252"/>
    <property name="path.separator" value=";"/>
    <property name="os.version" value="10.0"/>
    <property name="java.runtime.name" value="OpenJDK Runtime Environment"/>
    <property name="file.encoding" value="UTF-8"/>
    <property name="java.vm.name" value="OpenJDK 64-Bit Server VM"/>
    <property name="java.vendor.version" value="Temurin-21.0.7+6"/>
    <property name="localRepository" value="C:\Users\hp\.m2\repository"/>
    <property name="java.vendor.url.bug" value="https://github.com/adoptium/adoptium-support/issues"/>
    <property name="java.io.tmpdir" value="C:\Users\hp\AppData\Local\Temp\"/>
    <property name="java.version" value="21.0.7"/>
    <property name="user.dir" value="C:\Users\hp\eclipse-workspace\AgileQADelivery-TTP1QESA2520-Group5"/>
    <property name="os.arch" value="amd64"/>
    <property name="java.vm.specification.name" value="Java Virtual Machine Specification"/>
    <property name="sun.os.patch.level" value=""/>
    <property name="native.encoding" value="Cp1252"/>
    <property name="java.library.path" value="C:\Users\hp\.p2\pool\plugins\org.eclipse.justj.openjdk.hotspot.jre.full.win32.x86_64_21.0.7.v20250502-0916\jre\bin;C:\Windows\Sun\Java\bin;C:\Windows\system32;C:\Windows;C:/Users/hp/.p2/pool/plugins/org.eclipse.justj.openjdk.hotspot.jre.full.win32.x86_64_21.0.7.v20250502-0916/jre/bin/server;C:/Users/hp/.p2/pool/plugins/org.eclipse.justj.openjdk.hotspot.jre.full.win32.x86_64_21.0.7.v20250502-0916/jre/bin;C:\Program Files\Common Files\Oracle\Java\javapath;C:\Windows\system32;C:\Windows;C:\Windows\System32\Wbem;C:\Windows\System32\WindowsPowerShell\v1.0\;C:\Windows\System32\OpenSSH\;C:\Program Files\Java\jdk-17\bin;;C:\Program Files (x86)\NVIDIA Corporation\PhysX\Common;C:\Program Files\dotnet\;C:\Program Files\Microsoft SQL Server\150\Tools\Binn\;C:\Program Files\NVIDIA Corporation\NVIDIA App\NvDLISR;C:\Users\hp\AppData\Local\Microsoft\WindowsApps;D:\Microsoft VS Code\bin;C:\Windows\system32;;."/>
    <property name="java.vm.info" value="mixed mode, sharing"/>
    <property name="stderr.encoding" value="Cp1252"/>
    <property name="java.vendor" value="Eclipse Adoptium"/>
    <property name="java.vm.version" value="21.0.7+6-LTS"/>
    <property name="sun.io.unicode.encoding" value="UnicodeLittle"/>
    <property name="java.class.version" value="65.0"/>
  </properties>
  <testcase name="runScenario[&quot;Verify all the present fields with valid input&quot;, &quot;Booking Functionality&quot;](1)" classname="com.cab.cucumber.runners.Runner" time="5.98">
    <system-out><![CDATA[2025-07-26T10:12:10.219876400Z main INFO Starting LoggerContext[name=70dea4e] with configuration XmlConfiguration[location=C:\Users\hp\eclipse-workspace\AgileQADelivery-TTP1QESA2520-Group5\src\test\java\com\cab\cucumber\config\log4j2.xml, lastModified=2025-07-25T03:52:52.248Z]...
2025-07-26T10:12:10.284175400Z main ERROR Unable to locate appender "Console" for logger config "root"
2025-07-26T10:12:10.285178800Z main INFO Starting configuration XmlConfiguration[location=C:\Users\hp\eclipse-workspace\AgileQADelivery-TTP1QESA2520-Group5\src\test\java\com\cab\cucumber\config\log4j2.xml, lastModified=2025-07-25T03:52:52.248Z]...
2025-07-26T10:12:10.285178800Z main INFO Start watching for changes to C:\Users\hp\eclipse-workspace\AgileQADelivery-TTP1QESA2520-Group5\src\test\java\com\cab\cucumber\config\log4j2.xml every 0 seconds
2025-07-26T10:12:10.285178800Z main INFO Configuration XmlConfiguration[location=C:\Users\hp\eclipse-workspace\AgileQADelivery-TTP1QESA2520-Group5\src\test\java\com\cab\cucumber\config\log4j2.xml, lastModified=2025-07-25T03:52:52.248Z] started.
2025-07-26T10:12:10.287534200Z main INFO Stopping configuration org.apache.logging.log4j.core.config.DefaultConfiguration@54107f42...
2025-07-26T10:12:10.288040Z main INFO Configuration org.apache.logging.log4j.core.config.DefaultConfiguration@54107f42 stopped.
2025-07-26T10:12:10.289047Z main INFO LoggerContext[name=70dea4e] started with configuration XmlConfiguration[location=C:\Users\hp\eclipse-workspace\AgileQADelivery-TTP1QESA2520-Group5\src\test\java\com\cab\cucumber\config\log4j2.xml, lastModified=2025-07-25T03:52:52.248Z].

@Booking
Scenario Outline: Verify all the present fields with valid input &amp#27;[90m# src/test/java/com/cab/cucumber/features/Booking.feature:11&amp#27;[0m
  &amp#27;[32mGiven &amp#27;[0m&amp#27;[32mNavigate to Booking Page&amp#27;[0m                                 &amp#27;[90m# com.cab.cucumber.definitions.Booking.navigate_to_booking_page()&amp#27;[0m
  &amp#27;[32mWhen &amp#27;[0m&amp#27;[32mEnter all the fields with valid input for &amp#27;[0m&amp#27;[32m&amp#27;[1m"1"&amp#27;[0m             &amp#27;[90m# com.cab.cucumber.definitions.Booking.enter_all_the_fields_with_valid_input(java.lang.String)&amp#27;[0m
  &amp#27;[32mAnd &amp#27;[0m&amp#27;[32mclick the Book Now button&amp#27;[0m                                  &amp#27;[90m# com.cab.cucumber.definitions.Booking.click_the_book_now_button()&amp#27;[0m
  &amp#27;[32mThen &amp#27;[0m&amp#27;[32mverify the valid data&amp#27;[0m                                     &amp#27;[90m# com.cab.cucumber.definitions.Booking.verify_the_data()&amp#27;[0m
]]></system-out>
    <system-err><![CDATA[SLF4J: Failed to load class "org.slf4j.impl.StaticLoggerBinder".
SLF4J: Defaulting to no-operation (NOP) logger implementation
SLF4J: See http://www.slf4j.org/codes.html#StaticLoggerBinder for further details.
Jul 26, 2025 3:42:13 PM org.openqa.selenium.devtools.CdpVersionFinder findNearestMatch
WARNING: Unable to find CDP implementation matching 138
Jul 26, 2025 3:42:13 PM org.openqa.selenium.chromium.ChromiumDriver lambda$new$4
WARNING: Unable to find version of CDP to use for 138.0.7204.169. You may need to include a dependency on a specific version of the CDP using something similar to `org.seleniumhq.selenium:selenium-devtools-v86:4.29.0` where the version ("v86") matches the version of the chromium-based browser you're using and the version number of the artifact is the same as Selenium's.
]]></system-err>
  </testcase>
  <testcase name="runScenario[&quot;Verify all the present fields with valid input&quot;, &quot;Booking Functionality&quot;](2)" classname="com.cab.cucumber.runners.Runner" time="3.362">
    <system-out><![CDATA[
@Booking
Scenario Outline: Verify all the present fields with valid input &amp#27;[90m# src/test/java/com/cab/cucumber/features/Booking.feature:12&amp#27;[0m
  &amp#27;[32mGiven &amp#27;[0m&amp#27;[32mNavigate to Booking Page&amp#27;[0m                                 &amp#27;[90m# com.cab.cucumber.definitions.Booking.navigate_to_booking_page()&amp#27;[0m
  &amp#27;[32mWhen &amp#27;[0m&amp#27;[32mEnter all the fields with valid input for &amp#27;[0m&amp#27;[32m&amp#27;[1m"2"&amp#27;[0m             &amp#27;[90m# com.cab.cucumber.definitions.Booking.enter_all_the_fields_with_valid_input(java.lang.String)&amp#27;[0m
  &amp#27;[32mAnd &amp#27;[0m&amp#27;[32mclick the Book Now button&amp#27;[0m                                  &amp#27;[90m# com.cab.cucumber.definitions.Booking.click_the_book_now_button()&amp#27;[0m
  &amp#27;[32mThen &amp#27;[0m&amp#27;[32mverify the valid data&amp#27;[0m                                     &amp#27;[90m# com.cab.cucumber.definitions.Booking.verify_the_data()&amp#27;[0m
]]></system-out>
    <system-err><![CDATA[Jul 26, 2025 3:42:17 PM org.openqa.selenium.devtools.CdpVersionFinder findNearestMatch
WARNING: Unable to find CDP implementation matching 138
Jul 26, 2025 3:42:17 PM org.openqa.selenium.chromium.ChromiumDriver lambda$new$4
WARNING: Unable to find version of CDP to use for 138.0.7204.169. You may need to include a dependency on a specific version of the CDP using something similar to `org.seleniumhq.selenium:selenium-devtools-v86:4.29.0` where the version ("v86") matches the version of the chromium-based browser you're using and the version number of the artifact is the same as Selenium's.
]]></system-err>
  </testcase>
  <testcase name="runScenario[&quot;Verify all the present fields with invalid input&quot;, &quot;Booking Functionality&quot;](3)" classname="com.cab.cucumber.runners.Runner" time="3.644">
    <failure message="expected [true] but found [false]" type="java.lang.AssertionError"><![CDATA[java.lang.AssertionError: expected [true] but found [false]
	at org.testng.Assert.fail(Assert.java:111)
	at org.testng.Assert.failNotEquals(Assert.java:1578)
	at org.testng.Assert.assertTrue(Assert.java:57)
	at org.testng.Assert.assertTrue(Assert.java:67)
	at com.cab.cucumber.definitions.Booking.verify_the_invalid_data(Booking.java:79)
	at ✽.verify the invalid data(file:///C:/Users/hp/eclipse-workspace/AgileQADelivery-TTP1QESA2520-Group5/src/test/java/com/cab/cucumber/features/Booking.feature:19)
]]></failure>
    <system-out><![CDATA[
@Booking
Scenario Outline: Verify all the present fields with invalid input &amp#27;[90m# src/test/java/com/cab/cucumber/features/Booking.feature:22&amp#27;[0m
  &amp#27;[32mGiven &amp#27;[0m&amp#27;[32mNavigate to Booking Page&amp#27;[0m                                   &amp#27;[90m# com.cab.cucumber.definitions.Booking.navigate_to_booking_page()&amp#27;[0m
  &amp#27;[32mWhen &amp#27;[0m&amp#27;[32mEnter all the fields with invalid input for &amp#27;[0m&amp#27;[32m&amp#27;[1m"1"&amp#27;[0m             &amp#27;[90m# com.cab.cucumber.definitions.Booking.enter_all_the_fields_with_invalid_input(java.lang.String)&amp#27;[0m
  &amp#27;[32mAnd &amp#27;[0m&amp#27;[32mclick the Book Now button&amp#27;[0m                                    &amp#27;[90m# com.cab.cucumber.definitions.Booking.click_the_book_now_button()&amp#27;[0m
  &amp#27;[31mThen &amp#27;[0m&amp#27;[31mverify the invalid data&amp#27;[0m                                     &amp#27;[90m# com.cab.cucumber.definitions.Booking.verify_the_invalid_data()&amp#27;[0m
      &amp#27;[31mjava.lang.AssertionError: expected [true] but found [false]
      	at org.testng.Assert.fail(Assert.java:111)
      	at org.testng.Assert.failNotEquals(Assert.java:1578)
      	at org.testng.Assert.assertTrue(Assert.java:57)
      	at org.testng.Assert.assertTrue(Assert.java:67)
      	at com.cab.cucumber.definitions.Booking.verify_the_invalid_data(Booking.java:79)
      	at ✽.verify the invalid data(file:///C:/Users/hp/eclipse-workspace/AgileQADelivery-TTP1QESA2520-Group5/src/test/java/com/cab/cucumber/features/Booking.feature:19)&amp#27;[0m
]]></system-out>
    <system-err><![CDATA[Jul 26, 2025 3:42:20 PM org.openqa.selenium.devtools.CdpVersionFinder findNearestMatch
WARNING: Unable to find CDP implementation matching 138
Jul 26, 2025 3:42:20 PM org.openqa.selenium.chromium.ChromiumDriver lambda$new$4
WARNING: Unable to find version of CDP to use for 138.0.7204.169. You may need to include a dependency on a specific version of the CDP using something similar to `org.seleniumhq.selenium:selenium-devtools-v86:4.29.0` where the version ("v86") matches the version of the chromium-based browser you're using and the version number of the artifact is the same as Selenium's.
]]></system-err>
  </testcase>
  <testcase name="runScenario[&quot;Verify all the present fields with invalid input&quot;, &quot;Booking Functionality&quot;](4)" classname="com.cab.cucumber.runners.Runner" time="3.639">
    <failure message="expected [true] but found [false]" type="java.lang.AssertionError"><![CDATA[java.lang.AssertionError: expected [true] but found [false]
	at org.testng.Assert.fail(Assert.java:111)
	at org.testng.Assert.failNotEquals(Assert.java:1578)
	at org.testng.Assert.assertTrue(Assert.java:57)
	at org.testng.Assert.assertTrue(Assert.java:67)
	at com.cab.cucumber.definitions.Booking.verify_the_invalid_data(Booking.java:79)
	at ✽.verify the invalid data(file:///C:/Users/hp/eclipse-workspace/AgileQADelivery-TTP1QESA2520-Group5/src/test/java/com/cab/cucumber/features/Booking.feature:19)
]]></failure>
    <system-out><![CDATA[
@Booking
Scenario Outline: Verify all the present fields with invalid input &amp#27;[90m# src/test/java/com/cab/cucumber/features/Booking.feature:23&amp#27;[0m
  &amp#27;[32mGiven &amp#27;[0m&amp#27;[32mNavigate to Booking Page&amp#27;[0m                                   &amp#27;[90m# com.cab.cucumber.definitions.Booking.navigate_to_booking_page()&amp#27;[0m
  &amp#27;[32mWhen &amp#27;[0m&amp#27;[32mEnter all the fields with invalid input for &amp#27;[0m&amp#27;[32m&amp#27;[1m"2"&amp#27;[0m             &amp#27;[90m# com.cab.cucumber.definitions.Booking.enter_all_the_fields_with_invalid_input(java.lang.String)&amp#27;[0m
  &amp#27;[32mAnd &amp#27;[0m&amp#27;[32mclick the Book Now button&amp#27;[0m                                    &amp#27;[90m# com.cab.cucumber.definitions.Booking.click_the_book_now_button()&amp#27;[0m
  &amp#27;[31mThen &amp#27;[0m&amp#27;[31mverify the invalid data&amp#27;[0m                                     &amp#27;[90m# com.cab.cucumber.definitions.Booking.verify_the_invalid_data()&amp#27;[0m
      &amp#27;[31mjava.lang.AssertionError: expected [true] but found [false]
      	at org.testng.Assert.fail(Assert.java:111)
      	at org.testng.Assert.failNotEquals(Assert.java:1578)
      	at org.testng.Assert.assertTrue(Assert.java:57)
      	at org.testng.Assert.assertTrue(Assert.java:67)
      	at com.cab.cucumber.definitions.Booking.verify_the_invalid_data(Booking.java:79)
      	at ✽.verify the invalid data(file:///C:/Users/hp/eclipse-workspace/AgileQADelivery-TTP1QESA2520-Group5/src/test/java/com/cab/cucumber/features/Booking.feature:19)&amp#27;[0m
]]></system-out>
    <system-err><![CDATA[Jul 26, 2025 3:42:24 PM org.openqa.selenium.devtools.CdpVersionFinder findNearestMatch
WARNING: Unable to find CDP implementation matching 138
Jul 26, 2025 3:42:24 PM org.openqa.selenium.chromium.ChromiumDriver lambda$new$4
WARNING: Unable to find version of CDP to use for 138.0.7204.169. You may need to include a dependency on a specific version of the CDP using something similar to `org.seleniumhq.selenium:selenium-devtools-v86:4.29.0` where the version ("v86") matches the version of the chromium-based browser you're using and the version number of the artifact is the same as Selenium's.
]]></system-err>
  </testcase>
  <testcase name="runScenario[&quot;Verify all the present fields with invalid input&quot;, &quot;Booking Functionality&quot;](5)" classname="com.cab.cucumber.runners.Runner" time="3.866">
    <failure message="expected [true] but found [false]" type="java.lang.AssertionError"><![CDATA[java.lang.AssertionError: expected [true] but found [false]
	at org.testng.Assert.fail(Assert.java:111)
	at org.testng.Assert.failNotEquals(Assert.java:1578)
	at org.testng.Assert.assertTrue(Assert.java:57)
	at org.testng.Assert.assertTrue(Assert.java:67)
	at com.cab.cucumber.definitions.Booking.verify_the_invalid_data(Booking.java:79)
	at ✽.verify the invalid data(file:///C:/Users/hp/eclipse-workspace/AgileQADelivery-TTP1QESA2520-Group5/src/test/java/com/cab/cucumber/features/Booking.feature:19)
]]></failure>
    <system-out><![CDATA[
@Booking
Scenario Outline: Verify all the present fields with invalid input &amp#27;[90m# src/test/java/com/cab/cucumber/features/Booking.feature:24&amp#27;[0m
  &amp#27;[32mGiven &amp#27;[0m&amp#27;[32mNavigate to Booking Page&amp#27;[0m                                   &amp#27;[90m# com.cab.cucumber.definitions.Booking.navigate_to_booking_page()&amp#27;[0m
  &amp#27;[32mWhen &amp#27;[0m&amp#27;[32mEnter all the fields with invalid input for &amp#27;[0m&amp#27;[32m&amp#27;[1m"3"&amp#27;[0m             &amp#27;[90m# com.cab.cucumber.definitions.Booking.enter_all_the_fields_with_invalid_input(java.lang.String)&amp#27;[0m
  &amp#27;[32mAnd &amp#27;[0m&amp#27;[32mclick the Book Now button&amp#27;[0m                                    &amp#27;[90m# com.cab.cucumber.definitions.Booking.click_the_book_now_button()&amp#27;[0m
  &amp#27;[31mThen &amp#27;[0m&amp#27;[31mverify the invalid data&amp#27;[0m                                     &amp#27;[90m# com.cab.cucumber.definitions.Booking.verify_the_invalid_data()&amp#27;[0m
      &amp#27;[31mjava.lang.AssertionError: expected [true] but found [false]
      	at org.testng.Assert.fail(Assert.java:111)
      	at org.testng.Assert.failNotEquals(Assert.java:1578)
      	at org.testng.Assert.assertTrue(Assert.java:57)
      	at org.testng.Assert.assertTrue(Assert.java:67)
      	at com.cab.cucumber.definitions.Booking.verify_the_invalid_data(Booking.java:79)
      	at ✽.verify the invalid data(file:///C:/Users/hp/eclipse-workspace/AgileQADelivery-TTP1QESA2520-Group5/src/test/java/com/cab/cucumber/features/Booking.feature:19)&amp#27;[0m
]]></system-out>
    <system-err><![CDATA[Jul 26, 2025 3:42:28 PM org.openqa.selenium.devtools.CdpVersionFinder findNearestMatch
WARNING: Unable to find CDP implementation matching 138
Jul 26, 2025 3:42:28 PM org.openqa.selenium.chromium.ChromiumDriver lambda$new$4
WARNING: Unable to find version of CDP to use for 138.0.7204.169. You may need to include a dependency on a specific version of the CDP using something similar to `org.seleniumhq.selenium:selenium-devtools-v86:4.29.0` where the version ("v86") matches the version of the chromium-based browser you're using and the version number of the artifact is the same as Selenium's.
]]></system-err>
  </testcase>
  <testcase name="runScenario[&quot;Verify all the present fields with invalid input&quot;, &quot;Booking Functionality&quot;](6)" classname="com.cab.cucumber.runners.Runner" time="3.513">
    <failure message="expected [true] but found [false]" type="java.lang.AssertionError"><![CDATA[java.lang.AssertionError: expected [true] but found [false]
	at org.testng.Assert.fail(Assert.java:111)
	at org.testng.Assert.failNotEquals(Assert.java:1578)
	at org.testng.Assert.assertTrue(Assert.java:57)
	at org.testng.Assert.assertTrue(Assert.java:67)
	at com.cab.cucumber.definitions.Booking.verify_the_invalid_data(Booking.java:79)
	at ✽.verify the invalid data(file:///C:/Users/hp/eclipse-workspace/AgileQADelivery-TTP1QESA2520-Group5/src/test/java/com/cab/cucumber/features/Booking.feature:19)
]]></failure>
    <system-out><![CDATA[
@Booking
Scenario Outline: Verify all the present fields with invalid input &amp#27;[90m# src/test/java/com/cab/cucumber/features/Booking.feature:25&amp#27;[0m
  &amp#27;[32mGiven &amp#27;[0m&amp#27;[32mNavigate to Booking Page&amp#27;[0m                                   &amp#27;[90m# com.cab.cucumber.definitions.Booking.navigate_to_booking_page()&amp#27;[0m
  &amp#27;[32mWhen &amp#27;[0m&amp#27;[32mEnter all the fields with invalid input for &amp#27;[0m&amp#27;[32m&amp#27;[1m"4"&amp#27;[0m             &amp#27;[90m# com.cab.cucumber.definitions.Booking.enter_all_the_fields_with_invalid_input(java.lang.String)&amp#27;[0m
  &amp#27;[32mAnd &amp#27;[0m&amp#27;[32mclick the Book Now button&amp#27;[0m                                    &amp#27;[90m# com.cab.cucumber.definitions.Booking.click_the_book_now_button()&amp#27;[0m
  &amp#27;[31mThen &amp#27;[0m&amp#27;[31mverify the invalid data&amp#27;[0m                                     &amp#27;[90m# com.cab.cucumber.definitions.Booking.verify_the_invalid_data()&amp#27;[0m
      &amp#27;[31mjava.lang.AssertionError: expected [true] but found [false]
      	at org.testng.Assert.fail(Assert.java:111)
      	at org.testng.Assert.failNotEquals(Assert.java:1578)
      	at org.testng.Assert.assertTrue(Assert.java:57)
      	at org.testng.Assert.assertTrue(Assert.java:67)
      	at com.cab.cucumber.definitions.Booking.verify_the_invalid_data(Booking.java:79)
      	at ✽.verify the invalid data(file:///C:/Users/hp/eclipse-workspace/AgileQADelivery-TTP1QESA2520-Group5/src/test/java/com/cab/cucumber/features/Booking.feature:19)&amp#27;[0m
]]></system-out>
    <system-err><![CDATA[Jul 26, 2025 3:42:31 PM org.openqa.selenium.devtools.CdpVersionFinder findNearestMatch
WARNING: Unable to find CDP implementation matching 138
Jul 26, 2025 3:42:31 PM org.openqa.selenium.chromium.ChromiumDriver lambda$new$4
WARNING: Unable to find version of CDP to use for 138.0.7204.169. You may need to include a dependency on a specific version of the CDP using something similar to `org.seleniumhq.selenium:selenium-devtools-v86:4.29.0` where the version ("v86") matches the version of the chromium-based browser you're using and the version number of the artifact is the same as Selenium's.
]]></system-err>
  </testcase>
  <testcase name="runScenario[&quot;Verify all the present fields with invalid input&quot;, &quot;Booking Functionality&quot;](7)" classname="com.cab.cucumber.runners.Runner" time="3.309">
    <failure message="expected [true] but found [false]" type="java.lang.AssertionError"><![CDATA[java.lang.AssertionError: expected [true] but found [false]
	at org.testng.Assert.fail(Assert.java:111)
	at org.testng.Assert.failNotEquals(Assert.java:1578)
	at org.testng.Assert.assertTrue(Assert.java:57)
	at org.testng.Assert.assertTrue(Assert.java:67)
	at com.cab.cucumber.definitions.Booking.verify_the_invalid_data(Booking.java:79)
	at ✽.verify the invalid data(file:///C:/Users/hp/eclipse-workspace/AgileQADelivery-TTP1QESA2520-Group5/src/test/java/com/cab/cucumber/features/Booking.feature:19)
]]></failure>
    <system-out><![CDATA[
@Booking
Scenario Outline: Verify all the present fields with invalid input &amp#27;[90m# src/test/java/com/cab/cucumber/features/Booking.feature:26&amp#27;[0m
  &amp#27;[32mGiven &amp#27;[0m&amp#27;[32mNavigate to Booking Page&amp#27;[0m                                   &amp#27;[90m# com.cab.cucumber.definitions.Booking.navigate_to_booking_page()&amp#27;[0m
  &amp#27;[32mWhen &amp#27;[0m&amp#27;[32mEnter all the fields with invalid input for &amp#27;[0m&amp#27;[32m&amp#27;[1m"5"&amp#27;[0m             &amp#27;[90m# com.cab.cucumber.definitions.Booking.enter_all_the_fields_with_invalid_input(java.lang.String)&amp#27;[0m
  &amp#27;[32mAnd &amp#27;[0m&amp#27;[32mclick the Book Now button&amp#27;[0m                                    &amp#27;[90m# com.cab.cucumber.definitions.Booking.click_the_book_now_button()&amp#27;[0m
  &amp#27;[31mThen &amp#27;[0m&amp#27;[31mverify the invalid data&amp#27;[0m                                     &amp#27;[90m# com.cab.cucumber.definitions.Booking.verify_the_invalid_data()&amp#27;[0m
      &amp#27;[31mjava.lang.AssertionError: expected [true] but found [false]
      	at org.testng.Assert.fail(Assert.java:111)
      	at org.testng.Assert.failNotEquals(Assert.java:1578)
      	at org.testng.Assert.assertTrue(Assert.java:57)
      	at org.testng.Assert.assertTrue(Assert.java:67)
      	at com.cab.cucumber.definitions.Booking.verify_the_invalid_data(Booking.java:79)
      	at ✽.verify the invalid data(file:///C:/Users/hp/eclipse-workspace/AgileQADelivery-TTP1QESA2520-Group5/src/test/java/com/cab/cucumber/features/Booking.feature:19)&amp#27;[0m
]]></system-out>
    <system-err><![CDATA[Jul 26, 2025 3:42:35 PM org.openqa.selenium.devtools.CdpVersionFinder findNearestMatch
WARNING: Unable to find CDP implementation matching 138
Jul 26, 2025 3:42:35 PM org.openqa.selenium.chromium.ChromiumDriver lambda$new$4
WARNING: Unable to find version of CDP to use for 138.0.7204.169. You may need to include a dependency on a specific version of the CDP using something similar to `org.seleniumhq.selenium:selenium-devtools-v86:4.29.0` where the version ("v86") matches the version of the chromium-based browser you're using and the version number of the artifact is the same as Selenium's.
]]></system-err>
  </testcase>
  <testcase name="runScenario[&quot;Verify all the present fields with invalid input&quot;, &quot;Booking Functionality&quot;](8)" classname="com.cab.cucumber.runners.Runner" time="3.252">
    <failure message="expected [true] but found [false]" type="java.lang.AssertionError"><![CDATA[java.lang.AssertionError: expected [true] but found [false]
	at org.testng.Assert.fail(Assert.java:111)
	at org.testng.Assert.failNotEquals(Assert.java:1578)
	at org.testng.Assert.assertTrue(Assert.java:57)
	at org.testng.Assert.assertTrue(Assert.java:67)
	at com.cab.cucumber.definitions.Booking.verify_the_invalid_data(Booking.java:79)
	at ✽.verify the invalid data(file:///C:/Users/hp/eclipse-workspace/AgileQADelivery-TTP1QESA2520-Group5/src/test/java/com/cab/cucumber/features/Booking.feature:19)
]]></failure>
    <system-out><![CDATA[
@Booking
Scenario Outline: Verify all the present fields with invalid input &amp#27;[90m# src/test/java/com/cab/cucumber/features/Booking.feature:27&amp#27;[0m
  &amp#27;[32mGiven &amp#27;[0m&amp#27;[32mNavigate to Booking Page&amp#27;[0m                                   &amp#27;[90m# com.cab.cucumber.definitions.Booking.navigate_to_booking_page()&amp#27;[0m
  &amp#27;[32mWhen &amp#27;[0m&amp#27;[32mEnter all the fields with invalid input for &amp#27;[0m&amp#27;[32m&amp#27;[1m"6"&amp#27;[0m             &amp#27;[90m# com.cab.cucumber.definitions.Booking.enter_all_the_fields_with_invalid_input(java.lang.String)&amp#27;[0m
  &amp#27;[32mAnd &amp#27;[0m&amp#27;[32mclick the Book Now button&amp#27;[0m                                    &amp#27;[90m# com.cab.cucumber.definitions.Booking.click_the_book_now_button()&amp#27;[0m
  &amp#27;[31mThen &amp#27;[0m&amp#27;[31mverify the invalid data&amp#27;[0m                                     &amp#27;[90m# com.cab.cucumber.definitions.Booking.verify_the_invalid_data()&amp#27;[0m
      &amp#27;[31mjava.lang.AssertionError: expected [true] but found [false]
      	at org.testng.Assert.fail(Assert.java:111)
      	at org.testng.Assert.failNotEquals(Assert.java:1578)
      	at org.testng.Assert.assertTrue(Assert.java:57)
      	at org.testng.Assert.assertTrue(Assert.java:67)
      	at com.cab.cucumber.definitions.Booking.verify_the_invalid_data(Booking.java:79)
      	at ✽.verify the invalid data(file:///C:/Users/hp/eclipse-workspace/AgileQADelivery-TTP1QESA2520-Group5/src/test/java/com/cab/cucumber/features/Booking.feature:19)&amp#27;[0m
]]></system-out>
    <system-err><![CDATA[Jul 26, 2025 3:42:38 PM org.openqa.selenium.devtools.CdpVersionFinder findNearestMatch
WARNING: Unable to find CDP implementation matching 138
Jul 26, 2025 3:42:38 PM org.openqa.selenium.chromium.ChromiumDriver lambda$new$4
WARNING: Unable to find version of CDP to use for 138.0.7204.169. You may need to include a dependency on a specific version of the CDP using something similar to `org.seleniumhq.selenium:selenium-devtools-v86:4.29.0` where the version ("v86") matches the version of the chromium-based browser you're using and the version number of the artifact is the same as Selenium's.
]]></system-err>
  </testcase>
  <testcase name="runScenario[&quot;Verify all the present fields with invalid input&quot;, &quot;Booking Functionality&quot;](9)" classname="com.cab.cucumber.runners.Runner" time="3.373">
    <failure message="expected [true] but found [false]" type="java.lang.AssertionError"><![CDATA[java.lang.AssertionError: expected [true] but found [false]
	at org.testng.Assert.fail(Assert.java:111)
	at org.testng.Assert.failNotEquals(Assert.java:1578)
	at org.testng.Assert.assertTrue(Assert.java:57)
	at org.testng.Assert.assertTrue(Assert.java:67)
	at com.cab.cucumber.definitions.Booking.verify_the_invalid_data(Booking.java:79)
	at ✽.verify the invalid data(file:///C:/Users/hp/eclipse-workspace/AgileQADelivery-TTP1QESA2520-Group5/src/test/java/com/cab/cucumber/features/Booking.feature:19)
]]></failure>
    <system-out><![CDATA[
@Booking
Scenario Outline: Verify all the present fields with invalid input &amp#27;[90m# src/test/java/com/cab/cucumber/features/Booking.feature:28&amp#27;[0m
  &amp#27;[32mGiven &amp#27;[0m&amp#27;[32mNavigate to Booking Page&amp#27;[0m                                   &amp#27;[90m# com.cab.cucumber.definitions.Booking.navigate_to_booking_page()&amp#27;[0m
  &amp#27;[32mWhen &amp#27;[0m&amp#27;[32mEnter all the fields with invalid input for &amp#27;[0m&amp#27;[32m&amp#27;[1m"7"&amp#27;[0m             &amp#27;[90m# com.cab.cucumber.definitions.Booking.enter_all_the_fields_with_invalid_input(java.lang.String)&amp#27;[0m
  &amp#27;[32mAnd &amp#27;[0m&amp#27;[32mclick the Book Now button&amp#27;[0m                                    &amp#27;[90m# com.cab.cucumber.definitions.Booking.click_the_book_now_button()&amp#27;[0m
  &amp#27;[31mThen &amp#27;[0m&amp#27;[31mverify the invalid data&amp#27;[0m                                     &amp#27;[90m# com.cab.cucumber.definitions.Booking.verify_the_invalid_data()&amp#27;[0m
      &amp#27;[31mjava.lang.AssertionError: expected [true] but found [false]
      	at org.testng.Assert.fail(Assert.java:111)
      	at org.testng.Assert.failNotEquals(Assert.java:1578)
      	at org.testng.Assert.assertTrue(Assert.java:57)
      	at org.testng.Assert.assertTrue(Assert.java:67)
      	at com.cab.cucumber.definitions.Booking.verify_the_invalid_data(Booking.java:79)
      	at ✽.verify the invalid data(file:///C:/Users/hp/eclipse-workspace/AgileQADelivery-TTP1QESA2520-Group5/src/test/java/com/cab/cucumber/features/Booking.feature:19)&amp#27;[0m
]]></system-out>
    <system-err><![CDATA[Jul 26, 2025 3:42:41 PM org.openqa.selenium.devtools.CdpVersionFinder findNearestMatch
WARNING: Unable to find CDP implementation matching 138
Jul 26, 2025 3:42:41 PM org.openqa.selenium.chromium.ChromiumDriver lambda$new$4
WARNING: Unable to find version of CDP to use for 138.0.7204.169. You may need to include a dependency on a specific version of the CDP using something similar to `org.seleniumhq.selenium:selenium-devtools-v86:4.29.0` where the version ("v86") matches the version of the chromium-based browser you're using and the version number of the artifact is the same as Selenium's.
]]></system-err>
  </testcase>
  <testcase name="runScenario[&quot;Verify all the present fields with invalid input&quot;, &quot;Booking Functionality&quot;](10)" classname="com.cab.cucumber.runners.Runner" time="3.28">
    <failure message="expected [true] but found [false]" type="java.lang.AssertionError"><![CDATA[java.lang.AssertionError: expected [true] but found [false]
	at org.testng.Assert.fail(Assert.java:111)
	at org.testng.Assert.failNotEquals(Assert.java:1578)
	at org.testng.Assert.assertTrue(Assert.java:57)
	at org.testng.Assert.assertTrue(Assert.java:67)
	at com.cab.cucumber.definitions.Booking.verify_the_invalid_data(Booking.java:79)
	at ✽.verify the invalid data(file:///C:/Users/hp/eclipse-workspace/AgileQADelivery-TTP1QESA2520-Group5/src/test/java/com/cab/cucumber/features/Booking.feature:19)
]]></failure>
    <system-out><![CDATA[
@Booking
Scenario Outline: Verify all the present fields with invalid input &amp#27;[90m# src/test/java/com/cab/cucumber/features/Booking.feature:29&amp#27;[0m
  &amp#27;[32mGiven &amp#27;[0m&amp#27;[32mNavigate to Booking Page&amp#27;[0m                                   &amp#27;[90m# com.cab.cucumber.definitions.Booking.navigate_to_booking_page()&amp#27;[0m
  &amp#27;[32mWhen &amp#27;[0m&amp#27;[32mEnter all the fields with invalid input for &amp#27;[0m&amp#27;[32m&amp#27;[1m"8"&amp#27;[0m             &amp#27;[90m# com.cab.cucumber.definitions.Booking.enter_all_the_fields_with_invalid_input(java.lang.String)&amp#27;[0m
  &amp#27;[32mAnd &amp#27;[0m&amp#27;[32mclick the Book Now button&amp#27;[0m                                    &amp#27;[90m# com.cab.cucumber.definitions.Booking.click_the_book_now_button()&amp#27;[0m
  &amp#27;[31mThen &amp#27;[0m&amp#27;[31mverify the invalid data&amp#27;[0m                                     &amp#27;[90m# com.cab.cucumber.definitions.Booking.verify_the_invalid_data()&amp#27;[0m
      &amp#27;[31mjava.lang.AssertionError: expected [true] but found [false]
      	at org.testng.Assert.fail(Assert.java:111)
      	at org.testng.Assert.failNotEquals(Assert.java:1578)
      	at org.testng.Assert.assertTrue(Assert.java:57)
      	at org.testng.Assert.assertTrue(Assert.java:67)
      	at com.cab.cucumber.definitions.Booking.verify_the_invalid_data(Booking.java:79)
      	at ✽.verify the invalid data(file:///C:/Users/hp/eclipse-workspace/AgileQADelivery-TTP1QESA2520-Group5/src/test/java/com/cab/cucumber/features/Booking.feature:19)&amp#27;[0m
]]></system-out>
    <system-err><![CDATA[Jul 26, 2025 3:42:45 PM org.openqa.selenium.devtools.CdpVersionFinder findNearestMatch
WARNING: Unable to find CDP implementation matching 138
Jul 26, 2025 3:42:45 PM org.openqa.selenium.chromium.ChromiumDriver lambda$new$4
WARNING: Unable to find version of CDP to use for 138.0.7204.169. You may need to include a dependency on a specific version of the CDP using something similar to `org.seleniumhq.selenium:selenium-devtools-v86:4.29.0` where the version ("v86") matches the version of the chromium-based browser you're using and the version number of the artifact is the same as Selenium's.
]]></system-err>
  </testcase>
  <testcase name="runScenario[&quot;Verify all the present fields with invalid input&quot;, &quot;Booking Functionality&quot;](11)" classname="com.cab.cucumber.runners.Runner" time="3.334">
    <failure message="expected [true] but found [false]" type="java.lang.AssertionError"><![CDATA[java.lang.AssertionError: expected [true] but found [false]
	at org.testng.Assert.fail(Assert.java:111)
	at org.testng.Assert.failNotEquals(Assert.java:1578)
	at org.testng.Assert.assertTrue(Assert.java:57)
	at org.testng.Assert.assertTrue(Assert.java:67)
	at com.cab.cucumber.definitions.Booking.verify_the_invalid_data(Booking.java:79)
	at ✽.verify the invalid data(file:///C:/Users/hp/eclipse-workspace/AgileQADelivery-TTP1QESA2520-Group5/src/test/java/com/cab/cucumber/features/Booking.feature:19)
]]></failure>
    <system-out><![CDATA[
@Booking
Scenario Outline: Verify all the present fields with invalid input &amp#27;[90m# src/test/java/com/cab/cucumber/features/Booking.feature:30&amp#27;[0m
  &amp#27;[32mGiven &amp#27;[0m&amp#27;[32mNavigate to Booking Page&amp#27;[0m                                   &amp#27;[90m# com.cab.cucumber.definitions.Booking.navigate_to_booking_page()&amp#27;[0m
  &amp#27;[32mWhen &amp#27;[0m&amp#27;[32mEnter all the fields with invalid input for &amp#27;[0m&amp#27;[32m&amp#27;[1m"9"&amp#27;[0m             &amp#27;[90m# com.cab.cucumber.definitions.Booking.enter_all_the_fields_with_invalid_input(java.lang.String)&amp#27;[0m
  &amp#27;[32mAnd &amp#27;[0m&amp#27;[32mclick the Book Now button&amp#27;[0m                                    &amp#27;[90m# com.cab.cucumber.definitions.Booking.click_the_book_now_button()&amp#27;[0m
  &amp#27;[31mThen &amp#27;[0m&amp#27;[31mverify the invalid data&amp#27;[0m                                     &amp#27;[90m# com.cab.cucumber.definitions.Booking.verify_the_invalid_data()&amp#27;[0m
      &amp#27;[31mjava.lang.AssertionError: expected [true] but found [false]
      	at org.testng.Assert.fail(Assert.java:111)
      	at org.testng.Assert.failNotEquals(Assert.java:1578)
      	at org.testng.Assert.assertTrue(Assert.java:57)
      	at org.testng.Assert.assertTrue(Assert.java:67)
      	at com.cab.cucumber.definitions.Booking.verify_the_invalid_data(Booking.java:79)
      	at ✽.verify the invalid data(file:///C:/Users/hp/eclipse-workspace/AgileQADelivery-TTP1QESA2520-Group5/src/test/java/com/cab/cucumber/features/Booking.feature:19)&amp#27;[0m
]]></system-out>
    <system-err><![CDATA[Jul 26, 2025 3:42:48 PM org.openqa.selenium.devtools.CdpVersionFinder findNearestMatch
WARNING: Unable to find CDP implementation matching 138
Jul 26, 2025 3:42:48 PM org.openqa.selenium.chromium.ChromiumDriver lambda$new$4
WARNING: Unable to find version of CDP to use for 138.0.7204.169. You may need to include a dependency on a specific version of the CDP using something similar to `org.seleniumhq.selenium:selenium-devtools-v86:4.29.0` where the version ("v86") matches the version of the chromium-based browser you're using and the version number of the artifact is the same as Selenium's.
]]></system-err>
  </testcase>
  <testcase name="runScenario[&quot;Verify all the present fields with blank input&quot;, &quot;Booking Functionality&quot;](12)" classname="com.cab.cucumber.runners.Runner" time="7.127">
    <system-out><![CDATA[
@Booking
Scenario: Verify all the present fields with blank input &amp#27;[90m# src/test/java/com/cab/cucumber/features/Booking.feature:32&amp#27;[0m
  &amp#27;[32mGiven &amp#27;[0m&amp#27;[32mNavigate to Booking Page&amp#27;[0m                         &amp#27;[90m# com.cab.cucumber.definitions.Booking.navigate_to_booking_page()&amp#27;[0m
  &amp#27;[32mWhen &amp#27;[0m&amp#27;[32mclick the Book Now button with blank data&amp#27;[0m         &amp#27;[90m# com.cab.cucumber.definitions.Booking.click_the_book_now_button_with_blank_data()&amp#27;[0m
  &amp#27;[32mThen &amp#27;[0m&amp#27;[32mverify blank data&amp#27;[0m                                 &amp#27;[90m# com.cab.cucumber.definitions.Booking.verify_blank_data()&amp#27;[0m
]]></system-out>
    <system-err><![CDATA[Jul 26, 2025 3:42:51 PM org.openqa.selenium.devtools.CdpVersionFinder findNearestMatch
WARNING: Unable to find CDP implementation matching 138
Jul 26, 2025 3:42:51 PM org.openqa.selenium.chromium.ChromiumDriver lambda$new$4
WARNING: Unable to find version of CDP to use for 138.0.7204.169. You may need to include a dependency on a specific version of the CDP using something similar to `org.seleniumhq.selenium:selenium-devtools-v86:4.29.0` where the version ("v86") matches the version of the chromium-based browser you're using and the version number of the artifact is the same as Selenium's.
]]></system-err>
  </testcase>
  <testcase name="runScenario[&quot;Verify Mini Car Service Link&quot;, &quot;cab services&quot;](13)" classname="com.cab.cucumber.runners.Runner" time="2.606">
    <system-out><![CDATA[
@Services
Scenario Outline: Verify Mini Car Service Link                                        &amp#27;[90m# src/test/java/com/cab/cucumber/features/Services.feature:13&amp#27;[0m
  &amp#27;[32mGiven &amp#27;[0m&amp#27;[32mNavigate to Services Page&amp#27;[0m                                                     &amp#27;[90m# com.cab.cucumber.definitions.Services.navigate_to_services_page()&amp#27;[0m
  &amp#27;[32mWhen &amp#27;[0m&amp#27;[32mI click the &amp#27;[0m&amp#27;[32m&amp#27;[1m"Mini"&amp#27;[0m&amp#27;[32m cab service link&amp#27;[0m                                            &amp#27;[90m# com.cab.cucumber.definitions.Services.i_click_the_mini_cab_service_link(java.lang.String)&amp#27;[0m
  &amp#27;[32mThen &amp#27;[0m&amp#27;[32mverify the car image and details for the &amp#27;[0m&amp#27;[32m&amp#27;[1m"Mini"&amp#27;[0m&amp#27;[32m which contains the &amp#27;[0m&amp#27;[32m&amp#27;[1m"Mini Cars"&amp#27;[0m &amp#27;[90m# com.cab.cucumber.definitions.Services.verify_the_car_image_and_details_for_the_mini(java.lang.String,java.lang.String)&amp#27;[0m
]]></system-out>
    <system-err><![CDATA[Jul 26, 2025 3:42:58 PM org.openqa.selenium.devtools.CdpVersionFinder findNearestMatch
WARNING: Unable to find CDP implementation matching 138
Jul 26, 2025 3:42:58 PM org.openqa.selenium.chromium.ChromiumDriver lambda$new$4
WARNING: Unable to find version of CDP to use for 138.0.7204.169. You may need to include a dependency on a specific version of the CDP using something similar to `org.seleniumhq.selenium:selenium-devtools-v86:4.29.0` where the version ("v86") matches the version of the chromium-based browser you're using and the version number of the artifact is the same as Selenium's.
]]></system-err>
  </testcase>
  <testcase name="runScenario[&quot;Verify Mini Car Service Link&quot;, &quot;cab services&quot;](14)" classname="com.cab.cucumber.runners.Runner" time="2.47">
    <system-out><![CDATA[
@Services
Scenario Outline: Verify Mini Car Service Link                                          &amp#27;[90m# src/test/java/com/cab/cucumber/features/Services.feature:14&amp#27;[0m
  &amp#27;[32mGiven &amp#27;[0m&amp#27;[32mNavigate to Services Page&amp#27;[0m                                                       &amp#27;[90m# com.cab.cucumber.definitions.Services.navigate_to_services_page()&amp#27;[0m
  &amp#27;[32mWhen &amp#27;[0m&amp#27;[32mI click the &amp#27;[0m&amp#27;[32m&amp#27;[1m"Micro"&amp#27;[0m&amp#27;[32m cab service link&amp#27;[0m                                             &amp#27;[90m# com.cab.cucumber.definitions.Services.i_click_the_mini_cab_service_link(java.lang.String)&amp#27;[0m
  &amp#27;[32mThen &amp#27;[0m&amp#27;[32mverify the car image and details for the &amp#27;[0m&amp#27;[32m&amp#27;[1m"Micro"&amp#27;[0m&amp#27;[32m which contains the &amp#27;[0m&amp#27;[32m&amp#27;[1m"Micro Cars"&amp#27;[0m &amp#27;[90m# com.cab.cucumber.definitions.Services.verify_the_car_image_and_details_for_the_mini(java.lang.String,java.lang.String)&amp#27;[0m
]]></system-out>
    <system-err><![CDATA[Jul 26, 2025 3:43:01 PM org.openqa.selenium.devtools.CdpVersionFinder findNearestMatch
WARNING: Unable to find CDP implementation matching 138
Jul 26, 2025 3:43:01 PM org.openqa.selenium.chromium.ChromiumDriver lambda$new$4
WARNING: Unable to find version of CDP to use for 138.0.7204.169. You may need to include a dependency on a specific version of the CDP using something similar to `org.seleniumhq.selenium:selenium-devtools-v86:4.29.0` where the version ("v86") matches the version of the chromium-based browser you're using and the version number of the artifact is the same as Selenium's.
]]></system-err>
  </testcase>
  <testcase name="runScenario[&quot;Verify Mini Car Service Link&quot;, &quot;cab services&quot;](15)" classname="com.cab.cucumber.runners.Runner" time="2.513">
    <system-out><![CDATA[
@Services
Scenario Outline: Verify Mini Car Service Link                                      &amp#27;[90m# src/test/java/com/cab/cucumber/features/Services.feature:15&amp#27;[0m
  &amp#27;[32mGiven &amp#27;[0m&amp#27;[32mNavigate to Services Page&amp#27;[0m                                                   &amp#27;[90m# com.cab.cucumber.definitions.Services.navigate_to_services_page()&amp#27;[0m
  &amp#27;[32mWhen &amp#27;[0m&amp#27;[32mI click the &amp#27;[0m&amp#27;[32m&amp#27;[1m"SUV"&amp#27;[0m&amp#27;[32m cab service link&amp#27;[0m                                           &amp#27;[90m# com.cab.cucumber.definitions.Services.i_click_the_mini_cab_service_link(java.lang.String)&amp#27;[0m
  &amp#27;[32mThen &amp#27;[0m&amp#27;[32mverify the car image and details for the &amp#27;[0m&amp#27;[32m&amp#27;[1m"SUV"&amp#27;[0m&amp#27;[32m which contains the &amp#27;[0m&amp#27;[32m&amp#27;[1m"Suv Cars"&amp#27;[0m &amp#27;[90m# com.cab.cucumber.definitions.Services.verify_the_car_image_and_details_for_the_mini(java.lang.String,java.lang.String)&amp#27;[0m
]]></system-out>
    <system-err><![CDATA[Jul 26, 2025 3:43:04 PM org.openqa.selenium.devtools.CdpVersionFinder findNearestMatch
WARNING: Unable to find CDP implementation matching 138
Jul 26, 2025 3:43:04 PM org.openqa.selenium.chromium.ChromiumDriver lambda$new$4
WARNING: Unable to find version of CDP to use for 138.0.7204.169. You may need to include a dependency on a specific version of the CDP using something similar to `org.seleniumhq.selenium:selenium-devtools-v86:4.29.0` where the version ("v86") matches the version of the chromium-based browser you're using and the version number of the artifact is the same as Selenium's.
]]></system-err>
  </testcase>
  <testcase name="runScenario[&quot;Verify Mini Car Service Link&quot;, &quot;cab services&quot;](16)" classname="com.cab.cucumber.runners.Runner" time="2.512">
    <system-out><![CDATA[
@Services
Scenario Outline: Verify Mini Car Service Link                                          &amp#27;[90m# src/test/java/com/cab/cucumber/features/Services.feature:16&amp#27;[0m
  &amp#27;[32mGiven &amp#27;[0m&amp#27;[32mNavigate to Services Page&amp#27;[0m                                                       &amp#27;[90m# com.cab.cucumber.definitions.Services.navigate_to_services_page()&amp#27;[0m
  &amp#27;[32mWhen &amp#27;[0m&amp#27;[32mI click the &amp#27;[0m&amp#27;[32m&amp#27;[1m"Sedan"&amp#27;[0m&amp#27;[32m cab service link&amp#27;[0m                                             &amp#27;[90m# com.cab.cucumber.definitions.Services.i_click_the_mini_cab_service_link(java.lang.String)&amp#27;[0m
  &amp#27;[32mThen &amp#27;[0m&amp#27;[32mverify the car image and details for the &amp#27;[0m&amp#27;[32m&amp#27;[1m"Sedan"&amp#27;[0m&amp#27;[32m which contains the &amp#27;[0m&amp#27;[32m&amp#27;[1m"Sedan Cars"&amp#27;[0m &amp#27;[90m# com.cab.cucumber.definitions.Services.verify_the_car_image_and_details_for_the_mini(java.lang.String,java.lang.String)&amp#27;[0m
]]></system-out>
    <system-err><![CDATA[Jul 26, 2025 3:43:06 PM org.openqa.selenium.devtools.CdpVersionFinder findNearestMatch
WARNING: Unable to find CDP implementation matching 138
Jul 26, 2025 3:43:06 PM org.openqa.selenium.chromium.ChromiumDriver lambda$new$4
WARNING: Unable to find version of CDP to use for 138.0.7204.169. You may need to include a dependency on a specific version of the CDP using something similar to `org.seleniumhq.selenium:selenium-devtools-v86:4.29.0` where the version ("v86") matches the version of the chromium-based browser you're using and the version number of the artifact is the same as Selenium's.
]]></system-err>
  </testcase>
</testsuite>